[0620/223911.109:ERROR:process_memory_win.cc(73)] ReadMemory at 0xfe0000 of 64 bytes failed: Only part of a ReadProcessMemory or WriteProcessMemory request was completed. (0x12B)
[0620/223911.110:WARNING:pe_image_reader.cc(340)] could not read dos header from C:\Program Files\Google\Chrome\Application\chrome.exe
[0620/223911.110:ERROR:process_memory_win.cc(73)] ReadMemory at 0x77630000 of 64 bytes failed: Only part of a ReadProcessMemory or WriteProcessMemory request was completed. (0x12B)
[0620/223911.110:WARNING:pe_image_reader.cc(340)] could not read dos header from C:\Windows\SYSTEM32\ntdll.dll
[0620/223911.110:ERROR:process_memory_win.cc(73)] ReadMemory at 0x73790000 of 64 bytes failed: Only part of a ReadProcessMemory or WriteProcessMemory request was completed. (0x12B)
[0620/223911.110:WARNING:pe_image_reader.cc(340)] could not read dos header from C:\Program Files\AVAST Software\Avast\snxhk.dll
[0620/223911.110:ERROR:process_memory_win.cc(73)] ReadMemory at 0x76c10000 of 64 bytes failed: Only part of a ReadProcessMemory or WriteProcessMemory request was completed. (0x12B)
[0620/223911.110:WARNING:pe_image_reader.cc(340)] could not read dos header from C:\Windows\system32\KERNEL32.dll
[0620/223911.110:ERROR:process_memory_win.cc(73)] ReadMemory at 0x75fa0000 of 64 bytes failed: Only part of a ReadProcessMemory or WriteProcessMemory request was completed. (0x12B)
[0620/223911.110:WARNING:pe_image_reader.cc(340)] could not read dos header from C:\Windows\system32\KERNELBASE.dll
[0620/223911.110:ERROR:process_memory_win.cc(73)] ReadMemory at 0x6a8c0000 of 64 bytes failed: Only part of a ReadProcessMemory or WriteProcessMemory request was completed. (0x12B)
[0620/223911.111:WARNING:pe_image_reader.cc(340)] could not read dos header from C:\Program Files\Google\Chrome\Application\83.0.4103.106\chrome_elf.dll
[0620/223911.111:ERROR:process_memory_win.cc(73)] ReadMemory at 0x74640000 of 64 bytes failed: Only part of a ReadProcessMemory or WriteProcessMemory request was completed. (0x12B)
[0620/223911.111:WARNING:pe_image_reader.cc(340)] could not read dos header from C:\Windows\SYSTEM32\VERSION.dll
[0620/223911.111:ERROR:process_memory_win.cc(73)] ReadMemory at 0x761d0000 of 64 bytes failed: Only part of a ReadProcessMemory or WriteProcessMemory request was completed. (0x12B)
[0620/223911.111:WARNING:pe_image_reader.cc(340)] could not read dos header from C:\Windows\system32\msvcrt.dll
[0620/223911.111:ERROR:process_memory_win.cc(73)] ReadMemory at 0x71a40000 of 64 bytes failed: Only part of a ReadProcessMemory or WriteProcessMemory request was completed. (0x12B)
[0620/223911.111:WARNING:pe_image_reader.cc(340)] could not read dos header from C:\Windows\SYSTEM32\WINMM.dll
[0620/223911.111:ERROR:process_memory_win.cc(73)] ReadMemory at 0x71a10000 of 64 bytes failed: Only part of a ReadProcessMemory or WriteProcessMemory request was completed. (0x12B)
[0620/223911.111:WARNING:pe_image_reader.cc(340)] could not read dos header from C:\Windows\SYSTEM32\WINMMBASE.dll
[0620/223911.111:ERROR:process_memory_win.cc(73)] ReadMemory at 0x767a0000 of 64 bytes failed: Only part of a ReadProcessMemory or WriteProcessMemory request was completed. (0x12B)
[0620/223911.111:WARNING:pe_image_reader.cc(340)] could not read dos header from C:\Windows\system32\USER32.dll
[0620/223911.111:ERROR:process_memory_win.cc(73)] ReadMemory at 0x762e0000 of 64 bytes failed: Only part of a ReadProcessMemory or WriteProcessMemory request was completed. (0x12B)
[0620/223911.111:WARNING:pe_image_reader.cc(340)] could not read dos header from C:\Windows\system32\GDI32.dll
[0620/223911.111:ERROR:process_memory_win.cc(73)] ReadMemory at 0x773c0000 of 64 bytes failed: Only part of a ReadProcessMemory or WriteProcessMemory request was completed. (0x12B)
[0620/223911.111:WARNING:pe_image_reader.cc(340)] could not read dos header from C:\Windows\system32\IMM32.DLL
[0620/223911.111:ERROR:process_memory_win.cc(73)] ReadMemory at 0x76d10000 of 64 bytes failed: Only part of a ReadProcessMemory or WriteProcessMemory request was completed. (0x12B)
[0620/223911.111:WARNING:pe_image_reader.cc(340)] could not read dos header from C:\Windows\system32\MSCTF.dll
[0620/223911.111:ERROR:process_memory_win.cc(73)] ReadMemory at 0x77400000 of 64 bytes failed: Only part of a ReadProcessMemory or WriteProcessMemory request was completed. (0x12B)
[0620/223911.111:WARNING:pe_image_reader.cc(340)] could not read dos header from C:\Windows\system32\ADVAPI32.dll
[0620/223911.111:ERROR:process_memory_win.cc(73)] ReadMemory at 0x76bd0000 of 64 bytes failed: Only part of a ReadProcessMemory or WriteProcessMemory request was completed. (0x12B)
[0620/223911.111:WARNING:pe_image_reader.cc(340)] could not read dos header from C:\Windows\SYSTEM32\sechost.dll
[0620/223911.111:ERROR:process_memory_win.cc(73)] ReadMemory at 0x76480000 of 64 bytes failed: Only part of a ReadProcessMemory or WriteProcessMemory request was completed. (0x12B)
[0620/223911.111:WARNING:pe_image_reader.cc(340)] could not read dos header from C:\Windows\system32\RPCRT4.dll
[0620/223911.111:ERROR:process_memory_win.cc(73)] ReadMemory at 0x5e6f0000 of 64 bytes failed: Only part of a ReadProcessMemory or WriteProcessMemory request was completed. (0x12B)
[0620/223911.111:WARNING:pe_image_reader.cc(340)] could not read dos header from C:\Program Files\Google\Chrome\Application\83.0.4103.106\chrome.dll
[0620/223911.111:ERROR:process_memory_win.cc(73)] ReadMemory at 0x76290000 of 64 bytes failed: Only part of a ReadProcessMemory or WriteProcessMemory request was completed. (0x12B)
[0620/223911.111:WARNING:pe_image_reader.cc(340)] could not read dos header from C:\Windows\system32\WS2_32.dll
[0620/223911.111:ERROR:process_memory_win.cc(73)] ReadMemory at 0x71f70000 of 64 bytes failed: Only part of a ReadProcessMemory or WriteProcessMemory request was completed. (0x12B)
[0620/223911.111:WARNING:pe_image_reader.cc(340)] could not read dos header from C:\Windows\SYSTEM32\IPHLPAPI.DLL
[0620/223911.111:ERROR:process_memory_win.cc(73)] ReadMemory at 0x765f0000 of 64 bytes failed: Only part of a ReadProcessMemory or WriteProcessMemory request was completed. (0x12B)
[0620/223911.112:WARNING:pe_image_reader.cc(340)] could not read dos header from C:\Windows\system32\OLEAUT32.dll
[0620/223911.112:ERROR:process_memory_win.cc(73)] ReadMemory at 0x74650000 of 64 bytes failed: Only part of a ReadProcessMemory or WriteProcessMemory request was completed. (0x12B)
[0620/223911.112:WARNING:pe_image_reader.cc(340)] could not read dos header from C:\Windows\SYSTEM32\Secur32.dll
[0620/223911.112:ERROR:process_memory_win.cc(73)] ReadMemory at 0x74350000 of 64 bytes failed: Only part of a ReadProcessMemory or WriteProcessMemory request was completed. (0x12B)
[0620/223911.112:WARNING:pe_image_reader.cc(340)] could not read dos header from C:\Windows\SYSTEM32\USERENV.dll
[0620/223911.112:ERROR:process_memory_win.cc(73)] ReadMemory at 0x760b0000 of 64 bytes failed: Only part of a ReadProcessMemory or WriteProcessMemory request was completed. (0x12B)
[0620/223911.112:WARNING:pe_image_reader.cc(340)] could not read dos header from C:\Windows\system32\WINTRUST.dll
[0620/223911.112:ERROR:process_memory_win.cc(73)] ReadMemory at 0x72290000 of 64 bytes failed: Only part of a ReadProcessMemory or WriteProcessMemory request was completed. (0x12B)
[0620/223911.112:WARNING:pe_image_reader.cc(340)] could not read dos header from C:\Windows\SYSTEM32\UIAutomationCore.DLL
[0620/223911.112:ERROR:process_memory_win.cc(73)] ReadMemory at 0x75df0000 of 64 bytes failed: Only part of a ReadProcessMemory or WriteProcessMemory request was completed. (0x12B)
[0620/223911.112:WARNING:pe_image_reader.cc(340)] could not read dos header from C:\Windows\system32\CRYPT32.dll
[0620/223911.112:ERROR:process_memory_win.cc(73)] ReadMemory at 0x727e0000 of 64 bytes failed: Only part of a ReadProcessMemory or WriteProcessMemory request was completed. (0x12B)
[0620/223911.112:WARNING:pe_image_reader.cc(340)] could not read dos header from C:\Windows\SYSTEM32\DWrite.dll
[0620/223911.112:ERROR:process_memory_win.cc(73)] ReadMemory at 0x6f4c0000 of 64 bytes failed: Only part of a ReadProcessMemory or WriteProcessMemory request was completed. (0x12B)
[0620/223911.112:WARNING:pe_image_reader.cc(340)] could not read dos header from C:\Windows\SYSTEM32\WINSPOOL.DRV
[0620/223911.112:ERROR:process_memory_win.cc(73)] ReadMemory at 0x6be50000 of 64 bytes failed: Only part of a ReadProcessMemory or WriteProcessMemory request was completed. (0x12B)
[0620/223911.112:WARNING:pe_image_reader.cc(340)] could not read dos header from C:\Windows\SYSTEM32\dbghelp.dll
[0620/223911.112:ERROR:process_memory_win.cc(73)] ReadMemory at 0x6f280000 of 64 bytes failed: Only part of a ReadProcessMemory or WriteProcessMemory request was completed. (0x12B)
[0620/223911.112:WARNING:pe_image_reader.cc(340)] could not read dos header from C:\Windows\SYSTEM32\WINHTTP.dll
[0620/223911.112:ERROR:process_memory_win.cc(73)] ReadMemory at 0x71aa0000 of 64 bytes failed: Only part of a ReadProcessMemory or WriteProcessMemory request was completed. (0x12B)
[0620/223911.112:WARNING:pe_image_reader.cc(340)] could not read dos header from C:\Windows\SYSTEM32\dhcpcsvc.DLL
[0620/223911.112:ERROR:process_memory_win.cc(73)] ReadMemory at 0x765e0000 of 64 bytes failed: Only part of a ReadProcessMemory or WriteProcessMemory request was completed. (0x12B)
[0620/223911.112:WARNING:pe_image_reader.cc(340)] could not read dos header from C:\Windows\system32\NSI.dll
[0620/223911.112:ERROR:process_memory_win.cc(73)] ReadMemory at 0x71f50000 of 64 bytes failed: Only part of a ReadProcessMemory or WriteProcessMemory request was completed. (0x12B)
[0620/223911.112:WARNING:pe_image_reader.cc(340)] could not read dos header from C:\Windows\SYSTEM32\WINNSI.DLL
[0620/223911.112:ERROR:process_memory_win.cc(73)] ReadMemory at 0x768d0000 of 64 bytes failed: Only part of a ReadProcessMemory or WriteProcessMemory request was completed. (0x12B)
[0620/223911.112:WARNING:pe_image_reader.cc(340)] could not read dos header from C:\Windows\system32\combase.dll
[0620/223911.112:ERROR:process_memory_win.cc(73)] ReadMemory at 0x75d50000 of 64 bytes failed: Only part of a ReadProcessMemory or WriteProcessMemory request was completed. (0x12B)
[0620/223911.112:WARNING:pe_image_reader.cc(340)] could not read dos header from C:\Windows\SYSTEM32\profapi.dll
[0620/223911.112:ERROR:process_memory_win.cc(73)] ReadMemory at 0x75dd0000 of 64 bytes failed: Only part of a ReadProcessMemory or WriteProcessMemory request was completed. (0x12B)
[0620/223911.113:WARNING:pe_image_reader.cc(340)] could not read dos header from C:\Windows\system32\MSASN1.dll
[0620/223911.113:ERROR:process_memory_win.cc(73)] ReadMemory at 0x75b50000 of 64 bytes failed: Only part of a ReadProcessMemory or WriteProcessMemory request was completed. (0x12B)
[0620/223911.113:WARNING:pe_image_reader.cc(340)] could not read dos header from C:\Windows\SYSTEM32\SSPICLI.DLL
[0620/223911.113:ERROR:process_memory_win.cc(73)] ReadMemory at 0x73760000 of 64 bytes failed: Only part of a ReadProcessMemory or WriteProcessMemory request was completed. (0x12B)
[0620/223911.113:WARNING:pe_image_reader.cc(340)] could not read dos header from C:\Program Files\AVAST Software\Avast\aswJsFlt.dll
[0620/223911.113:ERROR:process_memory_win.cc(73)] ReadMemory at 0x76680000 of 64 bytes failed: Only part of a ReadProcessMemory or WriteProcessMemory request was completed. (0x12B)
[0620/223911.113:WARNING:pe_image_reader.cc(340)] could not read dos header from C:\Windows\system32\ole32.dll
[0620/223911.113:ERROR:process_memory_win.cc(73)] ReadMemory at 0x74660000 of 64 bytes failed: Only part of a ReadProcessMemory or WriteProcessMemory request was completed. (0x12B)
[0620/223911.113:WARNING:pe_image_reader.cc(340)] could not read dos header from C:\Windows\SYSTEM32\SHELL32.dll
[0620/223911.113:ERROR:process_memory_win.cc(73)] ReadMemory at 0x76190000 of 64 bytes failed: Only part of a ReadProcessMemory or WriteProcessMemory request was completed. (0x12B)
[0620/223911.113:WARNING:pe_image_reader.cc(340)] could not read dos header from C:\Windows\system32\SHLWAPI.dll
[0620/223911.113:ERROR:process_memory_win.cc(73)] ReadMemory at 0x76560000 of 64 bytes failed: Only part of a ReadProcessMemory or WriteProcessMemory request was completed. (0x12B)
[0620/223911.113:WARNING:pe_image_reader.cc(340)] could not read dos header from C:\Windows\system32\SHCORE.dll
[0620/223911.113:ERROR:process_memory_win.cc(73)] ReadMemory at 0x75be0000 of 64 bytes failed: Only part of a ReadProcessMemory or WriteProcessMemory request was completed. (0x12B)
[0620/223911.113:WARNING:pe_image_reader.cc(340)] could not read dos header from C:\Windows\SYSTEM32\cryptbase.dll
[0620/223911.113:ERROR:process_memory_win.cc(73)] ReadMemory at 0x75b80000 of 64 bytes failed: Only part of a ReadProcessMemory or WriteProcessMemory request was completed. (0x12B)
[0620/223911.113:WARNING:pe_image_reader.cc(340)] could not read dos header from C:\Windows\SYSTEM32\bcryptPrimitives.dll
[0620/223911.122:ERROR:process_memory_win.cc(73)] ReadMemory at 0x12f3000 of 53248 bytes failed: Only part of a ReadProcessMemory or WriteProcessMemory request was completed. (0x12B)
[0620/223911.123:ERROR:process_memory_win.cc(73)] ReadMemory at 0xcde000 of 8192 bytes failed: Only part of a ReadProcessMemory or WriteProcessMemory request was completed. (0x12B)
[0620/223911.123:ERROR:process_memory_win.cc(73)] ReadMemory at 0xdde000 of 8192 bytes failed: Only part of a ReadProcessMemory or WriteProcessMemory request was completed. (0x12B)
[0620/223911.123:ERROR:process_memory_win.cc(73)] ReadMemory at 0x268e000 of 8192 bytes failed: Only part of a ReadProcessMemory or WriteProcessMemory request was completed. (0x12B)
[0620/223911.123:ERROR:process_memory_win.cc(73)] ReadMemory at 0x278d000 of 12288 bytes failed: Only part of a ReadProcessMemory or WriteProcessMemory request was completed. (0x12B)
[0620/223911.123:ERROR:process_memory_win.cc(73)] ReadMemory at 0x290e000 of 8192 bytes failed: Only part of a ReadProcessMemory or WriteProcessMemory request was completed. (0x12B)
[0620/223911.123:ERROR:process_memory_win.cc(73)] ReadMemory at 0x2b0e000 of 8192 bytes failed: Only part of a ReadProcessMemory or WriteProcessMemory request was completed. (0x12B)
[0620/223911.124:ERROR:process_memory_win.cc(73)] ReadMemory at 0x2337d000 of 12288 bytes failed: Only part of a ReadProcessMemory or WriteProcessMemory request was completed. (0x12B)
[0620/223911.124:ERROR:process_memory_win.cc(73)] ReadMemory at 0x2347e000 of 8192 bytes failed: Only part of a ReadProcessMemory or WriteProcessMemory request was completed. (0x12B)
[0620/223911.124:ERROR:process_memory_win.cc(73)] ReadMemory at 0x2357c000 of 16384 bytes failed: Only part of a ReadProcessMemory or WriteProcessMemory request was completed. (0x12B)
[0620/223911.124:ERROR:process_memory_win.cc(73)] ReadMemory at 0x2367e000 of 8192 bytes failed: Only part of a ReadProcessMemory or WriteProcessMemory request was completed. (0x12B)
[0620/223911.124:ERROR:process_memory_win.cc(73)] ReadMemory at 0x2377e000 of 8192 bytes failed: Only part of a ReadProcessMemory or WriteProcessMemory request was completed. (0x12B)
[0620/223911.124:ERROR:process_memory_win.cc(73)] ReadMemory at 0x2560e000 of 8192 bytes failed: Only part of a ReadProcessMemory or WriteProcessMemory request was completed. (0x12B)
[0620/223911.124:ERROR:process_memory_win.cc(73)] ReadMemory at 0x277be000 of 8192 bytes failed: Only part of a ReadProcessMemory or WriteProcessMemory request was completed. (0x12B)
[0620/223911.124:ERROR:process_memory_win.cc(73)] ReadMemory at 0x250748 of 512 bytes failed: Only part of a ReadProcessMemory or WriteProcessMemory request was completed. (0x12B)
[0620/223911.124:ERROR:process_memory_win.cc(73)] ReadMemory at 0x250f60 of 512 bytes failed: Only part of a ReadProcessMemory or WriteProcessMemory request was completed. (0x12B)
[0620/223911.124:ERROR:process_memory_win.cc(73)] ReadMemory at 0x7f0000 of 384 bytes failed: Only part of a ReadProcessMemory or WriteProcessMemory request was completed. (0x12B)
[0620/223911.124:ERROR:process_memory_win.cc(73)] ReadMemory at 0x823280 of 512 bytes failed: Only part of a ReadProcessMemory or WriteProcessMemory request was completed. (0x12B)
[0620/223911.124:ERROR:process_memory_win.cc(73)] ReadMemory at 0x823764 of 512 bytes failed: Only part of a ReadProcessMemory or WriteProcessMemory request was completed. (0x12B)
[0620/223911.125:ERROR:process_memory_win.cc(73)] ReadMemory at 0x823c50 of 512 bytes failed: Only part of a ReadProcessMemory or WriteProcessMemory request was completed. (0x12B)
[0620/223911.125:ERROR:process_memory_win.cc(73)] ReadMemory at 0x823f80 of 512 bytes failed: Only part of a ReadProcessMemory or WriteProcessMemory request was completed. (0x12B)
[0620/223911.125:ERROR:process_memory_win.cc(73)] ReadMemory at 0x828678 of 612 bytes failed: Only part of a ReadProcessMemory or WriteProcessMemory request was completed. (0x12B)
[0620/223911.125:ERROR:process_memory_win.cc(73)] ReadMemory at 0x13704a0 of 58 bytes failed: Only part of a ReadProcessMemory or WriteProcessMemory request was completed. (0x12B)
[0620/223911.125:ERROR:process_memory_win.cc(73)] ReadMemory at 0x13704e8 of 72 bytes failed: Only part of a ReadProcessMemory or WriteProcessMemory request was completed. (0x12B)
[0620/223911.125:ERROR:process_memory_win.cc(73)] ReadMemory at 0x13705c8 of 3798 bytes failed: Only part of a ReadProcessMemory or WriteProcessMemory request was completed. (0x12B)
[0620/223911.125:ERROR:process_memory_win.cc(73)] ReadMemory at 0x13714a8 of 660 bytes failed: Only part of a ReadProcessMemory or WriteProcessMemory request was completed. (0x12B)
[0620/223911.125:ERROR:process_memory_win.cc(73)] ReadMemory at 0x1371950 of 106 bytes failed: Only part of a ReadProcessMemory or WriteProcessMemory request was completed. (0x12B)
[0620/223911.125:ERROR:process_memory_win.cc(73)] ReadMemory at 0x13719bc of 1226 bytes failed: Only part of a ReadProcessMemory or WriteProcessMemory request was completed. (0x12B)
[0620/223911.125:ERROR:process_memory_win.cc(73)] ReadMemory at 0x1371e88 of 106 bytes failed: Only part of a ReadProcessMemory or WriteProcessMemory request was completed. (0x12B)
[0620/223911.125:ERROR:process_memory_win.cc(73)] ReadMemory at 0x1371ef4 of 98 bytes failed: Only part of a ReadProcessMemory or WriteProcessMemory request was completed. (0x12B)
[0620/223911.125:ERROR:process_memory_win.cc(73)] ReadMemory at 0x1371f68 of 58 bytes failed: Only part of a ReadProcessMemory or WriteProcessMemory request was completed. (0x12B)
[0620/223911.125:ERROR:process_memory_win.cc(73)] ReadMemory at 0x1372058 of 72 bytes failed: Only part of a ReadProcessMemory or WriteProcessMemory request was completed. (0x12B)
[0620/223911.125:ERROR:process_memory_win.cc(73)] ReadMemory at 0x1372130 of 72 bytes failed: Only part of a ReadProcessMemory or WriteProcessMemory request was completed. (0x12B)
[0620/223911.125:ERROR:process_memory_win.cc(73)] ReadMemory at 0x1372250 of 114 bytes failed: Only part of a ReadProcessMemory or WriteProcessMemory request was completed. (0x12B)
[0620/223911.126:ERROR:process_memory_win.cc(73)] ReadMemory at 0x13724e8 of 94 bytes failed: Only part of a ReadProcessMemory or WriteProcessMemory request was completed. (0x12B)
[0620/223911.126:ERROR:process_memory_win.cc(73)] ReadMemory at 0x1372550 of 72 bytes failed: Only part of a ReadProcessMemory or WriteProcessMemory request was completed. (0x12B)
[0620/223911.126:ERROR:process_memory_win.cc(73)] ReadMemory at 0x1372668 of 64 bytes failed: Only part of a ReadProcessMemory or WriteProcessMemory request was completed. (0x12B)
[0620/223911.126:ERROR:process_memory_win.cc(73)] ReadMemory at 0x13726b8 of 72 bytes failed: Only part of a ReadProcessMemory or WriteProcessMemory request was completed. (0x12B)
[0620/223911.126:ERROR:process_memory_win.cc(73)] ReadMemory at 0x13728a0 of 68 bytes failed: Only part of a ReadProcessMemory or WriteProcessMemory request was completed. (0x12B)
[0620/223911.126:ERROR:process_memory_win.cc(73)] ReadMemory at 0x13728f0 of 72 bytes failed: Only part of a ReadProcessMemory or WriteProcessMemory request was completed. (0x12B)
[0620/223911.126:ERROR:process_memory_win.cc(73)] ReadMemory at 0x13737f8 of 62 bytes failed: Only part of a ReadProcessMemory or WriteProcessMemory request was completed. (0x12B)
[0620/223911.126:ERROR:process_memory_win.cc(73)] ReadMemory at 0x13738f8 of 142 bytes failed: Only part of a ReadProcessMemory or WriteProcessMemory request was completed. (0x12B)
[0620/223911.126:ERROR:process_memory_win.cc(73)] ReadMemory at 0x1373990 of 72 bytes failed: Only part of a ReadProcessMemory or WriteProcessMemory request was completed. (0x12B)
[0620/223911.126:ERROR:process_memory_win.cc(73)] ReadMemory at 0x1373a30 of 72 bytes failed: Only part of a ReadProcessMemory or WriteProcessMemory request was completed. (0x12B)
[0620/223911.126:ERROR:process_memory_win.cc(73)] ReadMemory at 0x1374568 of 60 bytes failed: Only part of a ReadProcessMemory or WriteProcessMemory request was completed. (0x12B)
[0620/223911.126:ERROR:process_memory_win.cc(73)] ReadMemory at 0x1374850 of 72 bytes failed: Only part of a ReadProcessMemory or WriteProcessMemory request was completed. (0x12B)
[0620/223911.126:ERROR:process_memory_win.cc(73)] ReadMemory at 0x13754e8 of 60 bytes failed: Only part of a ReadProcessMemory or WriteProcessMemory request was completed. (0x12B)
[0620/223911.126:ERROR:process_memory_win.cc(73)] ReadMemory at 0x1375570 of 72 bytes failed: Only part of a ReadProcessMemory or WriteProcessMemory request was completed. (0x12B)
[0620/223911.126:ERROR:process_memory_win.cc(73)] ReadMemory at 0x1375630 of 66 bytes failed: Only part of a ReadProcessMemory or WriteProcessMemory request was completed. (0x12B)
[0620/223911.126:ERROR:process_memory_win.cc(73)] ReadMemory at 0x13756b0 of 60 bytes failed: Only part of a ReadProcessMemory or WriteProcessMemory request was completed. (0x12B)
[0620/223911.126:ERROR:process_memory_win.cc(73)] ReadMemory at 0x13756f8 of 72 bytes failed: Only part of a ReadProcessMemory or WriteProcessMemory request was completed. (0x12B)
[0620/223911.126:ERROR:process_memory_win.cc(73)] ReadMemory at 0x13758f8 of 58 bytes failed: Only part of a ReadProcessMemory or WriteProcessMemory request was completed. (0x12B)
[0620/223911.127:ERROR:process_memory_win.cc(73)] ReadMemory at 0x1375990 of 72 bytes failed: Only part of a ReadProcessMemory or WriteProcessMemory request was completed. (0x12B)
[0620/223911.127:ERROR:process_memory_win.cc(73)] ReadMemory at 0x1375b18 of 58 bytes failed: Only part of a ReadProcessMemory or WriteProcessMemory request was completed. (0x12B)
[0620/223911.127:ERROR:process_memory_win.cc(73)] ReadMemory at 0x1375c48 of 64 bytes failed: Only part of a ReadProcessMemory or WriteProcessMemory request was completed. (0x12B)
[0620/223911.127:ERROR:process_memory_win.cc(73)] ReadMemory at 0x1377498 of 72 bytes failed: Only part of a ReadProcessMemory or WriteProcessMemory request was completed. (0x12B)
[0620/223911.127:ERROR:process_memory_win.cc(73)] ReadMemory at 0x137a538 of 58 bytes failed: Only part of a ReadProcessMemory or WriteProcessMemory request was completed. (0x12B)
[0620/223911.127:ERROR:process_memory_win.cc(73)] ReadMemory at 0x137a580 of 72 bytes failed: Only part of a ReadProcessMemory or WriteProcessMemory request was completed. (0x12B)
[0620/223911.127:ERROR:process_memory_win.cc(73)] ReadMemory at 0x137aef0 of 72 bytes failed: Only part of a ReadProcessMemory or WriteProcessMemory request was completed. (0x12B)
[0620/223911.127:ERROR:process_memory_win.cc(73)] ReadMemory at 0x137af90 of 62 bytes failed: Only part of a ReadProcessMemory or WriteProcessMemory request was completed. (0x12B)
[0620/223911.127:ERROR:process_memory_win.cc(73)] ReadMemory at 0x137afd8 of 72 bytes failed: Only part of a ReadProcessMemory or WriteProcessMemory request was completed. (0x12B)
[0620/223911.127:ERROR:process_memory_win.cc(73)] ReadMemory at 0x137b078 of 60 bytes failed: Only part of a ReadProcessMemory or WriteProcessMemory request was completed. (0x12B)
[0620/223911.127:ERROR:process_memory_win.cc(73)] ReadMemory at 0x137b0c0 of 72 bytes failed: Only part of a ReadProcessMemory or WriteProcessMemory request was completed. (0x12B)
[0620/223911.127:ERROR:process_memory_win.cc(73)] ReadMemory at 0x137b3b8 of 134 bytes failed: Only part of a ReadProcessMemory or WriteProcessMemory request was completed. (0x12B)
[0620/223911.127:ERROR:process_memory_win.cc(73)] ReadMemory at 0x137b470 of 72 bytes failed: Only part of a ReadProcessMemory or WriteProcessMemory request was completed. (0x12B)
[0620/223911.127:ERROR:process_memory_win.cc(73)] ReadMemory at 0x137b510 of 72 bytes failed: Only part of a ReadProcessMemory or WriteProcessMemory request was completed. (0x12B)
[0620/223911.127:ERROR:process_memory_win.cc(73)] ReadMemory at 0x137b5b0 of 72 bytes failed: Only part of a ReadProcessMemory or WriteProcessMemory request was completed. (0x12B)
[0620/223911.127:ERROR:process_memory_win.cc(73)] ReadMemory at 0x137b650 of 72 bytes failed: Only part of a ReadProcessMemory or WriteProcessMemory request was completed. (0x12B)
[0620/223911.127:ERROR:process_memory_win.cc(73)] ReadMemory at 0x137b6f0 of 72 bytes failed: Only part of a ReadProcessMemory or WriteProcessMemory request was completed. (0x12B)
[0620/223911.127:ERROR:process_memory_win.cc(73)] ReadMemory at 0x137b790 of 72 bytes failed: Only part of a ReadProcessMemory or WriteProcessMemory request was completed. (0x12B)
[0620/223911.127:ERROR:process_memory_win.cc(73)] ReadMemory at 0x137b830 of 72 bytes failed: Only part of a ReadProcessMemory or WriteProcessMemory request was completed. (0x12B)
[0620/223911.127:ERROR:process_memory_win.cc(73)] ReadMemory at 0x137b8d0 of 72 bytes failed: Only part of a ReadProcessMemory or WriteProcessMemory request was completed. (0x12B)
[0620/223911.127:ERROR:process_memory_win.cc(73)] ReadMemory at 0x137b970 of 72 bytes failed: Only part of a ReadProcessMemory or WriteProcessMemory request was completed. (0x12B)
[0620/223911.128:ERROR:process_memory_win.cc(73)] ReadMemory at 0x137ba10 of 72 bytes failed: Only part of a ReadProcessMemory or WriteProcessMemory request was completed. (0x12B)
[0620/223911.128:ERROR:process_memory_win.cc(73)] ReadMemory at 0x137bab0 of 72 bytes failed: Only part of a ReadProcessMemory or WriteProcessMemory request was completed. (0x12B)
[0620/223911.128:ERROR:process_memory_win.cc(73)] ReadMemory at 0x137bb50 of 72 bytes failed: Only part of a ReadProcessMemory or WriteProcessMemory request was completed. (0x12B)
[0620/223911.128:ERROR:process_memory_win.cc(73)] ReadMemory at 0x137bbf0 of 72 bytes failed: Only part of a ReadProcessMemory or WriteProcessMemory request was completed. (0x12B)
[0620/223911.128:ERROR:process_memory_win.cc(73)] ReadMemory at 0x137bc90 of 72 bytes failed: Only part of a ReadProcessMemory or WriteProcessMemory request was completed. (0x12B)
[0620/223911.128:ERROR:process_memory_win.cc(73)] ReadMemory at 0x137bd30 of 72 bytes failed: Only part of a ReadProcessMemory or WriteProcessMemory request was completed. (0x12B)
[0620/223911.128:ERROR:process_memory_win.cc(73)] ReadMemory at 0x137bdd0 of 72 bytes failed: Only part of a ReadProcessMemory or WriteProcessMemory request was completed. (0x12B)
[0620/223911.128:ERROR:process_memory_win.cc(73)] ReadMemory at 0x137be70 of 72 bytes failed: Only part of a ReadProcessMemory or WriteProcessMemory request was completed. (0x12B)
[0620/223911.128:ERROR:process_memory_win.cc(73)] ReadMemory at 0x137bf10 of 72 bytes failed: Only part of a ReadProcessMemory or WriteProcessMemory request was completed. (0x12B)
[0620/223911.128:ERROR:process_memory_win.cc(73)] ReadMemory at 0x137bfb0 of 72 bytes failed: Only part of a ReadProcessMemory or WriteProcessMemory request was completed. (0x12B)
[0620/223911.128:ERROR:process_memory_win.cc(73)] ReadMemory at 0x137c050 of 72 bytes failed: Only part of a ReadProcessMemory or WriteProcessMemory request was completed. (0x12B)
[0620/223911.128:ERROR:process_memory_win.cc(73)] ReadMemory at 0x137c0f0 of 72 bytes failed: Only part of a ReadProcessMemory or WriteProcessMemory request was completed. (0x12B)
[0620/223911.128:ERROR:process_memory_win.cc(73)] ReadMemory at 0x137c190 of 72 bytes failed: Only part of a ReadProcessMemory or WriteProcessMemory request was completed. (0x12B)
[0620/223911.128:ERROR:process_memory_win.cc(73)] ReadMemory at 0x137c230 of 72 bytes failed: Only part of a ReadProcessMemory or WriteProcessMemory request was completed. (0x12B)
[0620/223911.128:ERROR:process_memory_win.cc(73)] ReadMemory at 0x137c2d0 of 72 bytes failed: Only part of a ReadProcessMemory or WriteProcessMemory request was completed. (0x12B)
[0620/223911.128:ERROR:process_memory_win.cc(73)] ReadMemory at 0x137c370 of 72 bytes failed: Only part of a ReadProcessMemory or WriteProcessMemory request was completed. (0x12B)
[0620/223911.128:ERROR:process_memory_win.cc(73)] ReadMemory at 0x137c580 of 64 bytes failed: Only part of a ReadProcessMemory or WriteProcessMemory request was completed. (0x12B)
[0620/223911.128:ERROR:process_memory_win.cc(73)] ReadMemory at 0x137c5d0 of 62 bytes failed: Only part of a ReadProcessMemory or WriteProcessMemory request was completed. (0x12B)
[0620/223911.128:ERROR:process_memory_win.cc(73)] ReadMemory at 0x137c640 of 64 bytes failed: Only part of a ReadProcessMemory or WriteProcessMemory request was completed. (0x12B)
[0620/223911.128:ERROR:process_memory_win.cc(73)] ReadMemory at 0x137c6c0 of 64 bytes failed: Only part of a ReadProcessMemory or WriteProcessMemory request was completed. (0x12B)
[0620/223911.128:ERROR:process_memory_win.cc(73)] ReadMemory at 0x137c750 of 62 bytes failed: Only part of a ReadProcessMemory or WriteProcessMemory request was completed. (0x12B)
[0620/223911.129:ERROR:process_memory_win.cc(73)] ReadMemory at 0x137c7c8 of 62 bytes failed: Only part of a ReadProcessMemory or WriteProcessMemory request was completed. (0x12B)
[0620/223911.129:ERROR:process_memory_win.cc(73)] ReadMemory at 0x137c868 of 80 bytes failed: Only part of a ReadProcessMemory or WriteProcessMemory request was completed. (0x12B)
[0620/223911.129:ERROR:process_memory_win.cc(73)] ReadMemory at 0x137c8f8 of 64 bytes failed: Only part of a ReadProcessMemory or WriteProcessMemory request was completed. (0x12B)
[0620/223911.129:ERROR:process_memory_win.cc(73)] ReadMemory at 0x137c980 of 60 bytes failed: Only part of a ReadProcessMemory or WriteProcessMemory request was completed. (0x12B)
[0620/223911.129:ERROR:process_memory_win.cc(73)] ReadMemory at 0x137ca28 of 64 bytes failed: Only part of a ReadProcessMemory or WriteProcessMemory request was completed. (0x12B)
[0620/223911.129:ERROR:process_memory_win.cc(73)] ReadMemory at 0x137d0e0 of 54 bytes failed: Only part of a ReadProcessMemory or WriteProcessMemory request was completed. (0x12B)
[0620/223911.129:ERROR:process_memory_win.cc(73)] ReadMemory at 0x137d150 of 62 bytes failed: Only part of a ReadProcessMemory or WriteProcessMemory request was completed. (0x12B)
[0620/223911.129:ERROR:process_memory_win.cc(73)] ReadMemory at 0x137d270 of 60 bytes failed: Only part of a ReadProcessMemory or WriteProcessMemory request was completed. (0x12B)
[0620/223911.129:ERROR:process_memory_win.cc(73)] ReadMemory at 0x137d348 of 62 bytes failed: Only part of a ReadProcessMemory or WriteProcessMemory request was completed. (0x12B)
[0620/223911.129:ERROR:process_memory_win.cc(73)] ReadMemory at 0x137d420 of 62 bytes failed: Only part of a ReadProcessMemory or WriteProcessMemory request was completed. (0x12B)
[0620/223911.129:ERROR:process_memory_win.cc(73)] ReadMemory at 0x137d468 of 60 bytes failed: Only part of a ReadProcessMemory or WriteProcessMemory request was completed. (0x12B)
[0620/223911.129:ERROR:process_memory_win.cc(73)] ReadMemory at 0x137d4f8 of 58 bytes failed: Only part of a ReadProcessMemory or WriteProcessMemory request was completed. (0x12B)
[0620/223911.129:ERROR:process_memory_win.cc(73)] ReadMemory at 0x137d540 of 62 bytes failed: Only part of a ReadProcessMemory or WriteProcessMemory request was completed. (0x12B)
[0620/223911.129:ERROR:process_memory_win.cc(73)] ReadMemory at 0x137d618 of 62 bytes failed: Only part of a ReadProcessMemory or WriteProcessMemory request was completed. (0x12B)
[0620/223911.129:ERROR:process_memory_win.cc(73)] ReadMemory at 0x137d660 of 62 bytes failed: Only part of a ReadProcessMemory or WriteProcessMemory request was completed. (0x12B)
[0620/223911.129:ERROR:process_memory_win.cc(73)] ReadMemory at 0x137d780 of 62 bytes failed: Only part of a ReadProcessMemory or WriteProcessMemory request was completed. (0x12B)
[0620/223911.129:ERROR:process_memory_win.cc(73)] ReadMemory at 0x137d7c8 of 60 bytes failed: Only part of a ReadProcessMemory or WriteProcessMemory request was completed. (0x12B)
[0620/223911.129:ERROR:process_memory_win.cc(73)] ReadMemory at 0x137ecd0 of 100 bytes failed: Only part of a ReadProcessMemory or WriteProcessMemory request was completed. (0x12B)
[0620/223911.129:ERROR:process_memory_win.cc(73)] ReadMemory at 0x13844e8 of 66 bytes failed: Only part of a ReadProcessMemory or WriteProcessMemory request was completed. (0x12B)
[0620/223911.129:ERROR:process_memory_win.cc(73)] ReadMemory at 0x1386a50 of 80 bytes failed: Only part of a ReadProcessMemory or WriteProcessMemory request was completed. (0x12B)
[0620/223911.130:ERROR:process_memory_win.cc(73)] ReadMemory at 0x1388018 of 72 bytes failed: Only part of a ReadProcessMemory or WriteProcessMemory request was completed. (0x12B)
[0620/223911.130:ERROR:process_memory_win.cc(73)] ReadMemory at 0x1388d38 of 72 bytes failed: Only part of a ReadProcessMemory or WriteProcessMemory request was completed. (0x12B)
[0620/223911.130:ERROR:process_memory_win.cc(73)] ReadMemory at 0x138a710 of 512 bytes failed: Only part of a ReadProcessMemory or WriteProcessMemory request was completed. (0x12B)
[0620/223911.130:ERROR:process_memory_win.cc(73)] ReadMemory at 0x1396f68 of 512 bytes failed: Only part of a ReadProcessMemory or WriteProcessMemory request was completed. (0x12B)
[0620/223911.130:ERROR:process_memory_win.cc(73)] ReadMemory at 0x1397f68 of 536 bytes failed: Only part of a ReadProcessMemory or WriteProcessMemory request was completed. (0x12B)
[0620/223911.130:ERROR:process_memory_win.cc(73)] ReadMemory at 0x292d988 of 512 bytes failed: Only part of a ReadProcessMemory or WriteProcessMemory request was completed. (0x12B)
[0620/223911.130:ERROR:process_memory_win.cc(73)] ReadMemory at 0x292e9ae of 512 bytes failed: Only part of a ReadProcessMemory or WriteProcessMemory request was completed. (0x12B)
[0620/223911.130:ERROR:process_memory_win.cc(73)] ReadMemory at 0x292fc00 of 512 bytes failed: Only part of a ReadProcessMemory or WriteProcessMemory request was completed. (0x12B)
[0620/223911.130:ERROR:process_memory_win.cc(73)] ReadMemory at 0x294e080 of 512 bytes failed: Only part of a ReadProcessMemory or WriteProcessMemory request was completed. (0x12B)
[0620/223911.130:ERROR:process_memory_win.cc(73)] ReadMemory at 0x23a69d58 of 512 bytes failed: Only part of a ReadProcessMemory or WriteProcessMemory request was completed. (0x12B)
[0620/223911.130:ERROR:process_memory_win.cc(73)] ReadMemory at 0x23a6a978 of 608 bytes failed: Only part of a ReadProcessMemory or WriteProcessMemory request was completed. (0x12B)
[0620/223911.130:ERROR:process_memory_win.cc(73)] ReadMemory at 0x25167074 of 512 bytes failed: Only part of a ReadProcessMemory or WriteProcessMemory request was completed. (0x12B)
[0620/223911.130:ERROR:process_memory_win.cc(73)] ReadMemory at 0x60862bc0 of 512 bytes failed: Only part of a ReadProcessMemory or WriteProcessMemory request was completed. (0x12B)
[0620/223911.130:ERROR:process_memory_win.cc(73)] ReadMemory at 0x75fb26fc of 512 bytes failed: Only part of a ReadProcessMemory or WriteProcessMemory request was completed. (0x12B)
[0620/223911.130:ERROR:process_memory_win.cc(73)] ReadMemory at 0x76c113f0 of 512 bytes failed: Only part of a ReadProcessMemory or WriteProcessMemory request was completed. (0x12B)
[0620/223911.130:ERROR:process_memory_win.cc(73)] ReadMemory at 0x77646880 of 596 bytes failed: Only part of a ReadProcessMemory or WriteProcessMemory request was completed. (0x12B)
[0620/223911.130:ERROR:process_memory_win.cc(73)] ReadMemory at 0x776478a7 of 512 bytes failed: Only part of a ReadProcessMemory or WriteProcessMemory request was completed. (0x12B)
[0620/223911.130:ERROR:process_memory_win.cc(73)] ReadMemory at 0x7767559c of 18 bytes failed: Only part of a ReadProcessMemory or WriteProcessMemory request was completed. (0x12B)
[0620/223911.130:ERROR:process_memory_win.cc(73)] ReadMemory at 0x7772d340 of 36 bytes failed: Only part of a ReadProcessMemory or WriteProcessMemory request was completed. (0x12B)
[0620/223911.130:ERROR:process_memory_win.cc(73)] ReadMemory at 0x7772d3e8 of 24 bytes failed: Only part of a ReadProcessMemory or WriteProcessMemory request was completed. (0x12B)
[0620/223911.130:ERROR:process_memory_win.cc(73)] ReadMemory at 0x7772dda4 of 32 bytes failed: Only part of a ReadProcessMemory or WriteProcessMemory request was completed. (0x12B)
[0620/223911.131:ERROR:process_memory_win.cc(73)] ReadMemory at 0x7f04e000 of 3992 bytes failed: Only part of a ReadProcessMemory or WriteProcessMemory request was completed. (0x12B)
[0620/223911.131:ERROR:process_memory_win.cc(73)] ReadMemory at 0x7f04f000 of 3992 bytes failed: Only part of a ReadProcessMemory or WriteProcessMemory request was completed. (0x12B)
[0620/223911.131:ERROR:process_memory_win.cc(73)] ReadMemory at 0x7f173000 of 3992 bytes failed: Only part of a ReadProcessMemory or WriteProcessMemory request was completed. (0x12B)
[0620/223911.131:ERROR:process_memory_win.cc(73)] ReadMemory at 0x7f174000 of 560 bytes failed: Only part of a ReadProcessMemory or WriteProcessMemory request was completed. (0x12B)
[0620/223911.131:ERROR:process_memory_win.cc(73)] ReadMemory at 0x7f175000 of 3992 bytes failed: Only part of a ReadProcessMemory or WriteProcessMemory request was completed. (0x12B)
[0620/223911.131:ERROR:process_memory_win.cc(73)] ReadMemory at 0x7f176000 of 3992 bytes failed: Only part of a ReadProcessMemory or WriteProcessMemory request was completed. (0x12B)
[0620/223911.131:ERROR:process_memory_win.cc(73)] ReadMemory at 0x7f177000 of 3992 bytes failed: Only part of a ReadProcessMemory or WriteProcessMemory request was completed. (0x12B)
[0620/223911.131:ERROR:process_memory_win.cc(73)] ReadMemory at 0x7f178000 of 3992 bytes failed: Only part of a ReadProcessMemory or WriteProcessMemory request was completed. (0x12B)
[0620/223911.131:ERROR:process_memory_win.cc(73)] ReadMemory at 0x7f179000 of 3992 bytes failed: Only part of a ReadProcessMemory or WriteProcessMemory request was completed. (0x12B)
[0620/223911.131:ERROR:process_memory_win.cc(73)] ReadMemory at 0x7f17a000 of 3992 bytes failed: Only part of a ReadProcessMemory or WriteProcessMemory request was completed. (0x12B)
[0620/223911.131:ERROR:process_memory_win.cc(73)] ReadMemory at 0x7f17b000 of 3992 bytes failed: Only part of a ReadProcessMemory or WriteProcessMemory request was completed. (0x12B)
[0620/223911.131:ERROR:process_memory_win.cc(73)] ReadMemory at 0x7f17c000 of 3992 bytes failed: Only part of a ReadProcessMemory or WriteProcessMemory request was completed. (0x12B)
[0620/223911.131:ERROR:process_memory_win.cc(73)] ReadMemory at 0x7f17d000 of 3992 bytes failed: Only part of a ReadProcessMemory or WriteProcessMemory request was completed. (0x12B)
[0620/223911.131:ERROR:process_memory_win.cc(73)] ReadMemory at 0x7f17e000 of 3992 bytes failed: Only part of a ReadProcessMemory or WriteProcessMemory request was completed. (0x12B)
[0620/223911.131:ERROR:process_memory_win.cc(73)] ReadMemory at 0x7f17f000 of 3992 bytes failed: Only part of a ReadProcessMemory or WriteProcessMemory request was completed. (0x12B)
[0620/223911.134:ERROR:scoped_process_suspend.cc(40)] NtResumeProcess: An attempt was made to access an exiting process. (0xc000010a)
